<?xml version="1.0" encoding="UTF-8"?>
<testsuite name="TestSuite" time="23.613" tests="11" errors="0" skipped="8" failures="0">
  <properties>
    <property name="java.runtime.name" value="OpenJDK Runtime Environment"/>
    <property name="java.vm.version" value="16.0.2+7-67"/>
    <property name="sun.boot.library.path" value="D:\BYMAT_Automation\Online_Training_Program\Softwares\eclipse-java-2021-09-R-win32-x86_64\eclipse\plugins\org.eclipse.justj.openjdk.hotspot.jre.full.win32.x86_64_16.0.2.v20210721-1149\jre\bin"/>
    <property name="maven.multiModuleProjectDirectory" value="D:\BYMAT_Automation\WorkSpace\OnlineTraining\SeleniumTraining_B15_MVN"/>
    <property name="java.vm.vendor" value="Oracle Corporation"/>
    <property name="java.vendor.url" value="https://java.oracle.com/"/>
    <property name="guice.disable.misplaced.annotation.check" value="true"/>
    <property name="path.separator" value=";"/>
    <property name="java.vm.name" value="OpenJDK 64-Bit Server VM"/>
    <property name="sun.os.patch.level" value=""/>
    <property name="user.script" value=""/>
    <property name="user.country" value="IN"/>
    <property name="sun.java.launcher" value="SUN_STANDARD"/>
    <property name="java.vm.specification.name" value="Java Virtual Machine Specification"/>
    <property name="user.dir" value="D:\BYMAT_Automation\WorkSpace\OnlineTraining\SeleniumTraining_B15_MVN"/>
    <property name="java.vm.compressedOopsMode" value="32-bit"/>
    <property name="java.runtime.version" value="16.0.2+7-67"/>
    <property name="os.arch" value="amd64"/>
    <property name="java.io.tmpdir" value="C:\Users\rahul\AppData\Local\Temp\"/>
    <property name="line.separator" value="&#10;"/>
    <property name="java.vm.specification.vendor" value="Oracle Corporation"/>
    <property name="user.variant" value=""/>
    <property name="os.name" value="Windows 10"/>
    <property name="classworlds.conf" value="D:\BYMAT_Automation\WorkSpace\OnlineTraining\.metadata\.plugins\org.eclipse.m2e.launching\launches\m2conf3672088587346975512.tmp"/>
    <property name="sun.jnu.encoding" value="UTF-8"/>
    <property name="java.library.path" value="D:\BYMAT_Automation\Online_Training_Program\Softwares\eclipse-java-2021-09-R-win32-x86_64\eclipse\plugins\org.eclipse.justj.openjdk.hotspot.jre.full.win32.x86_64_16.0.2.v20210721-1149\jre\bin;C:\WINDOWS\Sun\Java\bin;C:\WINDOWS\system32;C:\WINDOWS;D:/BYMAT_Automation/Online_Training_Program/Softwares/eclipse-java-2021-09-R-win32-x86_64/eclipse//plugins/org.eclipse.justj.openjdk.hotspot.jre.full.win32.x86_64_16.0.2.v20210721-1149/jre/bin/server;D:/BYMAT_Automation/Online_Training_Program/Softwares/eclipse-java-2021-09-R-win32-x86_64/eclipse//plugins/org.eclipse.justj.openjdk.hotspot.jre.full.win32.x86_64_16.0.2.v20210721-1149/jre/bin;C:\Program Files\Common Files\Oracle\Java\javapath;C:\Program Files (x86)\Common Files\Oracle\Java\java8path;C:\Program Files (x86)\Common Files\Oracle\Java\javapath;C:\WINDOWS\system32;C:\WINDOWS;C:\WINDOWS\System32\Wbem;C:\WINDOWS\System32\WindowsPowerShell\v1.0\;C:\WINDOWS\System32\OpenSSH\;C:\Program Files\Java\jdk-11\bin;C:\Program Files\PuTTY\;C:\Users\rahul\AppData\Local\Android\Sdk\tools;C:\Users\rahul\AppData\Local\Android\Sdk\platform-tools;C:\Program Files\nodejs\;C:\Program Files\nodejs\node_modules\npm\bin;C:\Program Files\HP\HP One Agent;D:\BYMAT_Automation\Softwares\apache-maven-3.8.1\bin;C:\Users\rahul\AppData\Local\Microsoft\WindowsApps;C:\Users\rahul\AppData\Local\atom\bin;C:\Users\rahul\AppData\Local\Microsoft\WindowsApps;;C:\Program Files\JetBrains\IntelliJ IDEA Community Edition 2022.1\bin;;C:\Users\rahul\AppData\Roaming\npm;D:\BYMAT_Automation\Online_Training_Program\Softwares\eclipse-java-2021-09-R-win32-x86_64\eclipse;;."/>
    <property name="jdk.debug" value="release"/>
    <property name="java.class.version" value="60.0"/>
    <property name="java.specification.name" value="Java Platform API Specification"/>
    <property name="sun.management.compiler" value="HotSpot 64-Bit Tiered Compilers"/>
    <property name="os.version" value="10.0"/>
    <property name="user.home" value="C:\Users\rahul"/>
    <property name="user.timezone" value="Europe/London"/>
    <property name="file.encoding" value="Cp1252"/>
    <property name="java.specification.version" value="16"/>
    <property name="user.name" value="rahul"/>
    <property name="java.class.path" value="D:\BYMAT_Automation\Online_Training_Program\Softwares\eclipse-java-2021-09-R-win32-x86_64\eclipse\plugins\org.eclipse.m2e.maven.runtime_1.18.0.20210618-2246\jars\plexus-classworlds-2.6.0.jar"/>
    <property name="java.vm.specification.version" value="16"/>
    <property name="sun.arch.data.model" value="64"/>
    <property name="sun.java.command" value="org.codehaus.plexus.classworlds.launcher.Launcher -B test"/>
    <property name="java.home" value="D:\BYMAT_Automation\Online_Training_Program\Softwares\eclipse-java-2021-09-R-win32-x86_64\eclipse\plugins\org.eclipse.justj.openjdk.hotspot.jre.full.win32.x86_64_16.0.2.v20210721-1149\jre"/>
    <property name="user.language" value="en"/>
    <property name="java.specification.vendor" value="Oracle Corporation"/>
    <property name="java.vm.info" value="mixed mode"/>
    <property name="java.version" value="16.0.2"/>
    <property name="java.vendor" value="Oracle Corporation"/>
    <property name="maven.home" value="D:\BYMAT_Automation\WorkSpace\OnlineTraining\SeleniumTraining_B15_MVN\EMBEDDED"/>
    <property name="file.separator" value="\"/>
    <property name="java.version.date" value="2021-07-20"/>
    <property name="java.vendor.url.bug" value="https://bugreport.java.com/bugreport/"/>
    <property name="sun.io.unicode.encoding" value="UnicodeLittle"/>
    <property name="sun.cpu.endian" value="little"/>
    <property name="sun.cpu.isalist" value="amd64"/>
  </properties>
  <testcase name="registerUser" classname="com.companyname.projectname.module.testcases.RegisterUser" time="8.019"/>
  <testcase name="getTestCaseName" classname="com.companyname.projectname.module.testcases.RegisterUser1" time="0">
    <skipped/>
    <system-out><![CDATA[Browser Closed
]]></system-out>
  </testcase>
  <testcase name="launchBrowser" classname="com.companyname.projectname.module.testcases.RegisterUser1" time="0">
    <skipped/>
    <system-out><![CDATA[RegisterUser1 test case starts from row number :- 5
Total number of columns are:- 12
Total number of iterations/rows are :- 1
***************************************************

----{DDB_Day=20, SignupText=New User Signup!, EnterAcctInfo=ENTER ACCOUNT INFORMATION, Name=Shivam, DDB_Month=March, Address=pqrst, PINCode=453674, PageTitle=Automation Exercise, DDB_Year=1995, City=Mumbai, Mobile_No=345435353, Email_Address=test@gmail.com}
]]></system-out>
  </testcase>
  <testcase name="registerUser1" classname="com.companyname.projectname.module.testcases.RegisterUser1" time="0">
    <skipped/>
  </testcase>
  <testcase name="CloseBrowser" classname="com.companyname.projectname.module.testcases.RegisterUser1" time="0">
    <skipped/>
  </testcase>
  <testcase name="registerUser2" classname="com.companyname.projectname.module.testcases.RegisterUser2" time="8.331"/>
  <testcase name="getTestCaseName" classname="com.companyname.projectname.module.testcases.RegisterUser3" time="0">
    <skipped/>
    <system-out><![CDATA[Browser Closed
]]></system-out>
  </testcase>
  <testcase name="launchBrowser" classname="com.companyname.projectname.module.testcases.RegisterUser3" time="0">
    <skipped/>
    <system-out><![CDATA[RegisterUser3 test case starts from row number :- 13
Total number of columns are:- 12
Total number of iterations/rows are :- 1
***************************************************

----{DDB_Day=20, SignupText=New User Signup!, EnterAcctInfo=ENTER ACCOUNT INFORMATION, Name=Shital, DDB_Month=March, Address=pqrst, PINCode=453674, PageTitle=Automation Exercise, DDB_Year=1995, City=Mumbai, Mobile_No=345435353, Email_Address=shital@gmail.com}
]]></system-out>
  </testcase>
  <testcase name="registerUser3" classname="com.companyname.projectname.module.testcases.RegisterUser3" time="0">
    <skipped/>
  </testcase>
  <testcase name="CloseBrowser" classname="com.companyname.projectname.module.testcases.RegisterUser3" time="0">
    <skipped/>
  </testcase>
  <testcase name="registerUser4" classname="com.companyname.projectname.module.testcases.RegisterUser4" time="7.263"/>
</testsuite>