<?xml version="1.0" encoding="UTF-8"?>
<!-- Generated by org.testng.reporters.JUnitReportReporter -->
<testsuite hostname="rganjare" failures="0" tests="1" name="com.companyname.projectname.module.rough.TestClass" time="0.022" errors="0" timestamp="2024-05-04T07:23:28 BST" skipped="0">
  <testcase classname="com.companyname.projectname.module.rough.TestClass" name="TestCaseName" time="0.022"/>
  <system-out/>
</testsuite> <!-- com.companyname.projectname.module.rough.TestClass -->
