<?xml version="1.0" encoding="UTF-8"?>
<!-- Generated by org.testng.reporters.JUnitReportReporter -->
<testsuite hostname="rganjare" failures="0" tests="1" name="com.companyname.projectname.module.testcases.RegisterUser" time="33.681" errors="0" timestamp="2024-07-18T17:41:09 BST" skipped="0">
  <testcase classname="com.companyname.projectname.module.testcases.RegisterUser" name="registerUser" time="33.681"/>
  <system-out/>
</testsuite> <!-- com.companyname.projectname.module.testcases.RegisterUser -->
