<?xml version="1.0" encoding="UTF-8"?>
<!-- Generated by org.testng.reporters.JUnitReportReporter -->
<testsuite hostname="rganjare" failures="0" tests="1" name="com.companyname.projectname.module.testcases.RegisterUser2" time="9.451" errors="0" timestamp="2024-05-17T20:39:45 BST" skipped="0">
  <testcase classname="com.companyname.projectname.module.testcases.RegisterUser2" name="registerUser2" time="9.451"/>
  <system-out/>
</testsuite> <!-- com.companyname.projectname.module.testcases.RegisterUser2 -->
