<?xml version="1.0" encoding="UTF-8"?>
<!-- Generated by org.testng.reporters.JUnitReportReporter -->
<testsuite hostname="rganjare" failures="0" tests="1" name="com.companyname.projectname.module.testcases.RegisterUser1" time="0.000" errors="0" timestamp="2024-07-18T00:21:50 BST" skipped="1">
  <testcase classname="com.companyname.projectname.module.testcases.RegisterUser1" name="registerUser1" time="0.000">
    <skipped/>
  </testcase> <!-- registerUser1 -->
  <system-out/>
</testsuite> <!-- com.companyname.projectname.module.testcases.RegisterUser1 -->
