<?xml version="1.0" encoding="UTF-8"?>
<!-- Generated by org.testng.reporters.JUnitReportReporter -->
<testsuite hostname="rganjare" failures="0" tests="1" name="com.companyname.projectname.module.testcases.RegisterUser4" time="14.215" errors="0" timestamp="2024-07-18T00:21:50 BST" skipped="0">
  <testcase classname="com.companyname.projectname.module.testcases.RegisterUser4" name="registerUser4" time="14.215"/>
  <system-out/>
</testsuite> <!-- com.companyname.projectname.module.testcases.RegisterUser4 -->
