<?xml version="1.0" encoding="UTF-8"?>
<!-- Generated by org.testng.reporters.JUnitReportReporter -->
<testsuite hostname="rganjare" failures="0" tests="1" name="com.companyname.projectname.module.testcases.RegisterUser" time="44.231" errors="0" timestamp="2024-07-19T17:08:37 BST" skipped="0">
  <testcase classname="com.companyname.projectname.module.testcases.RegisterUser" name="registerUser" time="44.231"/>
  <system-out/>
</testsuite> <!-- com.companyname.projectname.module.testcases.RegisterUser -->
